Traceback (most recent call last):
  File "/workspace/CODlab/FSEL/SSM-based-COD/FSEL_ECCV_2024/Train.py", line 7, in <module>
    from lib.Network_VIM_train import Network
  File "/workspace/CODlab/FSEL/SSM-based-COD/FSEL_ECCV_2024/lib/Network_VIM_train.py", line 6, in <module>
    from lib.FSEL_modules import DRP_1, DRP_2, DRP_3, JDPM, ETB , PFAFM
  File "/workspace/CODlab/FSEL/SSM-based-COD/FSEL_ECCV_2024/lib/FSEL_modules.py", line 11, in <module>
    from basicsr.utils.registry import ARCH_REGISTRY
  File "/opt/conda/lib/python3.10/site-packages/basicsr/__init__.py", line 4, in <module>
    from .data import *
  File "/opt/conda/lib/python3.10/site-packages/basicsr/data/__init__.py", line 22, in <module>
    _dataset_modules = [importlib.import_module(f'basicsr.data.{file_name}') for file_name in dataset_filenames]
  File "/opt/conda/lib/python3.10/site-packages/basicsr/data/__init__.py", line 22, in <listcomp>
    _dataset_modules = [importlib.import_module(f'basicsr.data.{file_name}') for file_name in dataset_filenames]
  File "/opt/conda/lib/python3.10/importlib/__init__.py", line 126, in import_module
    return _bootstrap._gcd_import(name[level:], package, level)
  File "/opt/conda/lib/python3.10/site-packages/basicsr/data/realesrgan_dataset.py", line 11, in <module>
    from basicsr.data.degradations import circular_lowpass_kernel, random_mixed_kernels
  File "/opt/conda/lib/python3.10/site-packages/basicsr/data/degradations.py", line 8, in <module>
    from torchvision.transforms.functional_tensor import rgb_to_grayscale
ModuleNotFoundError: No module named 'torchvision.transforms.functional_tensor'
